[2024-12-15 20:58:23Z INFO HostContext] No proxy settings were found based on environmental variables (http_proxy/https_proxy/HTTP_PROXY/HTTPS_PROXY)
[2024-12-15 20:58:23Z INFO HostContext] Well known directory 'Bin': 'C:\Users\user\Desktop\client_data_project\actions-runner\bin'
[2024-12-15 20:58:23Z INFO HostContext] Well known directory 'Root': 'C:\Users\user\Desktop\client_data_project\actions-runner'
[2024-12-15 20:58:23Z INFO HostContext] Well known config file 'Credentials': 'C:\Users\user\Desktop\client_data_project\actions-runner\.credentials'
[2024-12-15 20:58:23Z INFO HostContext] Well known directory 'Bin': 'C:\Users\user\Desktop\client_data_project\actions-runner\bin'
[2024-12-15 20:58:23Z INFO HostContext] Well known directory 'Root': 'C:\Users\user\Desktop\client_data_project\actions-runner'
[2024-12-15 20:58:23Z INFO HostContext] Well known config file 'Runner': 'C:\Users\user\Desktop\client_data_project\actions-runner\.runner'
[2024-12-15 20:58:23Z INFO Listener] Runner is built for Windows (X64) - win-x64.
[2024-12-15 20:58:23Z INFO Listener] RuntimeInformation: Microsoft Windows 10.0.26100.
[2024-12-15 20:58:23Z INFO Listener] Version: 2.321.0
[2024-12-15 20:58:23Z INFO Listener] Commit: e249007931b7c8e857797fa259c167f0bd4f997a
[2024-12-15 20:58:23Z INFO Listener] Culture: ru-RU
[2024-12-15 20:58:23Z INFO Listener] UI Culture: ru-RU
[2024-12-15 20:58:23Z INFO HostContext] Well known directory 'Bin': 'C:\Users\user\Desktop\client_data_project\actions-runner\bin'
[2024-12-15 20:58:23Z INFO HostContext] Well known directory 'Root': 'C:\Users\user\Desktop\client_data_project\actions-runner'
[2024-12-15 20:58:23Z INFO Listener] Validating directory permissions for: 'C:\Users\user\Desktop\client_data_project\actions-runner'
[2024-12-15 20:58:23Z INFO CommandLineParser] Parse
[2024-12-15 20:58:23Z INFO CommandLineParser] Parsing 5 args
[2024-12-15 20:58:23Z INFO CommandLineParser] parsing argument
[2024-12-15 20:58:23Z INFO CommandLineParser] HasArgs: False
[2024-12-15 20:58:23Z INFO CommandLineParser] Adding Command: configure
[2024-12-15 20:58:23Z INFO CommandLineParser] parsing argument
[2024-12-15 20:58:23Z INFO CommandLineParser] HasArgs: True
[2024-12-15 20:58:23Z INFO CommandLineParser] arg: url
[2024-12-15 20:58:23Z INFO CommandLineParser] parsing argument
[2024-12-15 20:58:23Z INFO CommandLineParser] HasArgs: True
[2024-12-15 20:58:23Z INFO CommandLineParser] Adding option 'url': 'https://github.com/NeverNeverDead/Client-Data-Project'
[2024-12-15 20:58:23Z INFO CommandLineParser] parsing argument
[2024-12-15 20:58:23Z INFO CommandLineParser] HasArgs: True
[2024-12-15 20:58:23Z INFO CommandLineParser] arg: token
[2024-12-15 20:58:23Z INFO CommandLineParser] parsing argument
[2024-12-15 20:58:23Z INFO CommandLineParser] HasArgs: True
[2024-12-15 20:58:23Z INFO CommandLineParser] Adding option 'token': '***'
[2024-12-15 20:58:23Z INFO Listener] Arguments parsed
[2024-12-15 20:58:23Z INFO Runner] ExecuteCommand
[2024-12-15 20:58:23Z INFO ConfigurationStore] currentAssemblyLocation: C:\Users\user\Desktop\client_data_project\actions-runner\bin\Runner.Listener.dll
[2024-12-15 20:58:23Z INFO HostContext] Well known directory 'Bin': 'C:\Users\user\Desktop\client_data_project\actions-runner\bin'
[2024-12-15 20:58:23Z INFO ConfigurationStore] binPath: C:\Users\user\Desktop\client_data_project\actions-runner\bin
[2024-12-15 20:58:23Z INFO HostContext] Well known directory 'Bin': 'C:\Users\user\Desktop\client_data_project\actions-runner\bin'
[2024-12-15 20:58:23Z INFO HostContext] Well known directory 'Root': 'C:\Users\user\Desktop\client_data_project\actions-runner'
[2024-12-15 20:58:23Z INFO ConfigurationStore] RootFolder: C:\Users\user\Desktop\client_data_project\actions-runner
[2024-12-15 20:58:23Z INFO HostContext] Well known directory 'Bin': 'C:\Users\user\Desktop\client_data_project\actions-runner\bin'
[2024-12-15 20:58:23Z INFO HostContext] Well known directory 'Root': 'C:\Users\user\Desktop\client_data_project\actions-runner'
[2024-12-15 20:58:23Z INFO HostContext] Well known config file 'Runner': 'C:\Users\user\Desktop\client_data_project\actions-runner\.runner'
[2024-12-15 20:58:23Z INFO ConfigurationStore] ConfigFilePath: C:\Users\user\Desktop\client_data_project\actions-runner\.runner
[2024-12-15 20:58:23Z INFO HostContext] Well known directory 'Bin': 'C:\Users\user\Desktop\client_data_project\actions-runner\bin'
[2024-12-15 20:58:23Z INFO HostContext] Well known directory 'Root': 'C:\Users\user\Desktop\client_data_project\actions-runner'
[2024-12-15 20:58:23Z INFO HostContext] Well known config file 'Credentials': 'C:\Users\user\Desktop\client_data_project\actions-runner\.credentials'
[2024-12-15 20:58:23Z INFO ConfigurationStore] CredFilePath: C:\Users\user\Desktop\client_data_project\actions-runner\.credentials
[2024-12-15 20:58:23Z INFO HostContext] Well known directory 'Bin': 'C:\Users\user\Desktop\client_data_project\actions-runner\bin'
[2024-12-15 20:58:23Z INFO HostContext] Well known directory 'Root': 'C:\Users\user\Desktop\client_data_project\actions-runner'
[2024-12-15 20:58:23Z INFO HostContext] Well known config file 'MigratedCredentials': 'C:\Users\user\Desktop\client_data_project\actions-runner\.credentials_migrated'
[2024-12-15 20:58:23Z INFO ConfigurationStore] MigratedCredFilePath: C:\Users\user\Desktop\client_data_project\actions-runner\.credentials_migrated
[2024-12-15 20:58:23Z INFO HostContext] Well known directory 'Bin': 'C:\Users\user\Desktop\client_data_project\actions-runner\bin'
[2024-12-15 20:58:23Z INFO HostContext] Well known directory 'Root': 'C:\Users\user\Desktop\client_data_project\actions-runner'
[2024-12-15 20:58:23Z INFO HostContext] Well known config file 'Service': 'C:\Users\user\Desktop\client_data_project\actions-runner\.service'
[2024-12-15 20:58:23Z INFO ConfigurationStore] ServiceConfigFilePath: C:\Users\user\Desktop\client_data_project\actions-runner\.service
[2024-12-15 20:58:23Z INFO CommandSettings] Flag 'help': 'False'
[2024-12-15 20:58:23Z INFO CommandSettings] Flag 'version': 'False'
[2024-12-15 20:58:23Z INFO CommandSettings] Flag 'commit': 'False'
[2024-12-15 20:58:23Z INFO CommandSettings] Flag 'check': 'False'
[2024-12-15 20:58:23Z INFO CommandSettings] Command 'configure': 'True'
[2024-12-15 20:58:23Z INFO Terminal] WRITE LINE: 
[2024-12-15 20:58:23Z INFO Terminal] WRITE LINE: --------------------------------------------------------------------------------
[2024-12-15 20:58:23Z INFO Terminal] WRITE LINE: |        ____ _ _   _   _       _          _        _   _                      |
[2024-12-15 20:58:23Z INFO Terminal] WRITE LINE: |       / ___(_) |_| | | |_   _| |__      / \   ___| |_(_) ___  _ __  ___      |
[2024-12-15 20:58:23Z INFO Terminal] WRITE LINE: |      | |  _| | __| |_| | | | | '_ \    / _ \ / __| __| |/ _ \| '_ \/ __|     |
[2024-12-15 20:58:23Z INFO Terminal] WRITE LINE: |      | |_| | | |_|  _  | |_| | |_) |  / ___ \ (__| |_| | (_) | | | \__ \     |
[2024-12-15 20:58:23Z INFO Terminal] WRITE LINE: |       \____|_|\__|_| |_|\__,_|_.__/  /_/   \_\___|\__|_|\___/|_| |_|___/     |
[2024-12-15 20:58:23Z INFO Terminal] WRITE LINE: |                                                                              |
[2024-12-15 20:58:23Z INFO Terminal] WRITE: |                       
[2024-12-15 20:58:23Z INFO Terminal] WRITE: Self-hosted runner registration
[2024-12-15 20:58:23Z INFO Terminal] WRITE LINE:                         |
[2024-12-15 20:58:23Z INFO Terminal] WRITE LINE: |                                                                              |
[2024-12-15 20:58:23Z INFO Terminal] WRITE LINE: --------------------------------------------------------------------------------
[2024-12-15 20:58:23Z INFO ConfigurationManager] ConfigureAsync
[2024-12-15 20:58:23Z INFO CommandSettings] Flag 'generateServiceConfig': 'False'
[2024-12-15 20:58:23Z INFO ConfigurationStore] IsConfigured()
[2024-12-15 20:58:23Z INFO ConfigurationStore] IsConfigured: False
[2024-12-15 20:58:23Z INFO ConfigurationManager] Is configured: False
[2024-12-15 20:58:23Z INFO CommandSettings] Arg 'url': 'https://github.com/NeverNeverDead/Client-Data-Project'
[2024-12-15 20:58:23Z INFO CommandSettings] Remove url from Arg dictionary.
[2024-12-15 20:58:23Z INFO CommandSettings] Arg 'token': '***'
[2024-12-15 20:58:23Z INFO CommandSettings] Remove token from Arg dictionary.
[2024-12-15 20:58:24Z INFO ConfigurationManager] Http response code: OK from 'POST https://api.github.com/actions/runner-registration' (F925:1BC2E3:77DAFC3:7AB0380:675F42EF)
[2024-12-15 20:58:24Z INFO ConfigurationManager] Using V2 flow: False
[2024-12-15 20:58:24Z INFO ConfigurationManager] cred retrieved via GitHub auth
[2024-12-15 20:58:24Z INFO RunnerServer] EstablishVssConnection
[2024-12-15 20:58:24Z INFO RunnerServer] Establish connection with 100 seconds timeout.
[2024-12-15 20:58:24Z INFO GitHubActionsService] Starting operation Location.GetConnectionData
[2024-12-15 20:58:24Z INFO RunnerServer] EstablishVssConnection
[2024-12-15 20:58:24Z INFO RunnerServer] Establish connection with 60 seconds timeout.
[2024-12-15 20:58:24Z INFO GitHubActionsService] Starting operation Location.GetConnectionData
[2024-12-15 20:58:24Z INFO RunnerServer] EstablishVssConnection
[2024-12-15 20:58:24Z INFO RunnerServer] Establish connection with 60 seconds timeout.
[2024-12-15 20:58:24Z INFO GitHubActionsService] Starting operation Location.GetConnectionData
[2024-12-15 20:58:24Z INFO GitHubActionsService] Finished operation Location.GetConnectionData
[2024-12-15 20:58:24Z INFO GitHubActionsService] Finished operation Location.GetConnectionData
[2024-12-15 20:58:24Z INFO GitHubActionsService] Finished operation Location.GetConnectionData
[2024-12-15 20:58:25Z INFO Terminal] WRITE LINE: 
[2024-12-15 20:58:25Z INFO ConfigurationManager] Test Connection complete.
[2024-12-15 20:58:25Z INFO HostContext] Well known directory 'Bin': 'C:\Users\user\Desktop\client_data_project\actions-runner\bin'
[2024-12-15 20:58:25Z INFO HostContext] Well known directory 'Root': 'C:\Users\user\Desktop\client_data_project\actions-runner'
[2024-12-15 20:58:25Z INFO HostContext] Well known config file 'RSACredentials': 'C:\Users\user\Desktop\client_data_project\actions-runner\.credentials_rsaparams'
[2024-12-15 20:58:25Z INFO RSAEncryptedFileKeyManager] Creating new RSA key using 2048-bit key length
[2024-12-15 20:58:25Z INFO RSAEncryptedFileKeyManager] Successfully saved RSA key parameters to file C:\Users\user\Desktop\client_data_project\actions-runner\.credentials_rsaparams
[2024-12-15 20:58:25Z INFO CommandSettings] Arg 'runnergroup': ''
[2024-12-15 20:58:25Z INFO CommandSettings] Flag 'unattended': 'False'
[2024-12-15 20:58:25Z INFO PromptManager] ReadValue
[2024-12-15 20:58:25Z INFO Terminal] WRITE: Enter the name of the runner group to add this runner to: 
[2024-12-15 20:58:25Z INFO Terminal] WRITE: [press Enter for Default] 
[2024-12-15 20:58:25Z INFO Terminal] READ LINE
[2024-12-15 20:58:38Z INFO Terminal] Read value: ''
[2024-12-15 20:58:38Z INFO PromptManager] Falling back to the default: 'Default'
[2024-12-15 20:58:38Z INFO Terminal] WRITE LINE: 
[2024-12-15 20:58:38Z INFO ConfigurationManager] Found a self-hosted runner group with id 1 and name Default
[2024-12-15 20:58:38Z INFO CommandSettings] Flag 'disableupdate': 'False'
[2024-12-15 20:58:38Z INFO CommandSettings] Flag 'ephemeral': 'False'
[2024-12-15 20:58:38Z INFO CommandSettings] Arg 'name': ''
[2024-12-15 20:58:38Z INFO CommandSettings] Flag 'unattended': 'False'
[2024-12-15 20:58:38Z INFO PromptManager] ReadValue
[2024-12-15 20:58:38Z INFO Terminal] WRITE: Enter the name of runner: 
[2024-12-15 20:58:38Z INFO Terminal] WRITE: [press Enter for WIN-AEJ7IJ4PEJC] 
[2024-12-15 20:58:38Z INFO Terminal] READ LINE
[2024-12-15 20:58:49Z INFO Terminal] Read value: 'Olegus'
[2024-12-15 20:58:49Z INFO Terminal] WRITE LINE: 
[2024-12-15 20:58:49Z INFO CommandSettings] Arg 'labels': ''
[2024-12-15 20:58:49Z INFO CommandSettings] Flag 'unattended': 'False'
[2024-12-15 20:58:49Z INFO PromptManager] ReadValue
[2024-12-15 20:58:49Z INFO Terminal] WRITE: This runner will have the following labels: 'self-hosted', 'Windows', 'X64' 
Enter any additional labels (ex. label-1,label-2): 
[2024-12-15 20:58:49Z INFO Terminal] WRITE: [press Enter to skip] 
[2024-12-15 20:58:49Z INFO Terminal] READ LINE
[2024-12-15 20:58:57Z INFO Terminal] Read value: ''
[2024-12-15 20:58:57Z INFO Terminal] WRITE LINE: 
[2024-12-15 20:58:57Z INFO CommandSettings] Flag 'disableupdate': 'False'
[2024-12-15 20:58:57Z INFO CommandSettings] Flag 'no-default-labels': 'False'
[2024-12-15 20:58:57Z INFO CommandSettings] Flag 'disableupdate': 'False'
[2024-12-15 20:58:57Z INFO CommandSettings] Flag 'ephemeral': 'False'
[2024-12-15 20:58:57Z INFO ConfigurationStore] Saving OAuth credential @ C:\Users\user\Desktop\client_data_project\actions-runner\.credentials
[2024-12-15 20:58:57Z INFO ConfigurationStore] Credentials Saved.
[2024-12-15 20:58:57Z INFO ConfigurationStore] HasCredentials()
[2024-12-15 20:58:57Z INFO ConfigurationStore] stored True
[2024-12-15 20:58:58Z INFO CredentialManager] GetCredentialProvider
[2024-12-15 20:58:58Z INFO CredentialManager] Creating type OAuth
[2024-12-15 20:58:58Z INFO CredentialManager] Creating credential type: OAuth
[2024-12-15 20:58:58Z INFO RSAEncryptedFileKeyManager] Loading RSA key parameters from file C:\Users\user\Desktop\client_data_project\actions-runner\.credentials_rsaparams
[2024-12-15 20:58:58Z INFO RunnerServer] EstablishVssConnection
[2024-12-15 20:58:58Z INFO RunnerServer] Establish connection with 100 seconds timeout.
[2024-12-15 20:58:58Z INFO GitHubActionsService] Starting operation Location.GetConnectionData
[2024-12-15 20:58:58Z INFO RunnerServer] EstablishVssConnection
[2024-12-15 20:58:58Z INFO RunnerServer] Establish connection with 60 seconds timeout.
[2024-12-15 20:58:58Z INFO GitHubActionsService] Starting operation Location.GetConnectionData
[2024-12-15 20:58:58Z INFO RunnerServer] EstablishVssConnection
[2024-12-15 20:58:58Z INFO RunnerServer] Establish connection with 60 seconds timeout.
[2024-12-15 20:58:58Z INFO GitHubActionsService] Starting operation Location.GetConnectionData
[2024-12-15 20:58:58Z INFO GitHubActionsService] Finished operation Location.GetConnectionData
[2024-12-15 20:58:58Z INFO GitHubActionsService] Finished operation Location.GetConnectionData
[2024-12-15 20:58:58Z INFO GitHubActionsService] Finished operation Location.GetConnectionData
[2024-12-15 20:58:58Z INFO RSAEncryptedFileKeyManager] Loading RSA key parameters from file C:\Users\user\Desktop\client_data_project\actions-runner\.credentials_rsaparams
[2024-12-15 20:58:58Z INFO RSAEncryptedFileKeyManager] Loading RSA key parameters from file C:\Users\user\Desktop\client_data_project\actions-runner\.credentials_rsaparams
[2024-12-15 20:58:59Z INFO GitHubActionsService] AAD Correlation ID for this token request: Unknown
[2024-12-15 20:58:59Z INFO CommandSettings] Arg 'work': ''
[2024-12-15 20:58:59Z INFO CommandSettings] Flag 'unattended': 'False'
[2024-12-15 20:58:59Z INFO PromptManager] ReadValue
[2024-12-15 20:58:59Z INFO Terminal] WRITE: Enter name of work folder: 
[2024-12-15 20:58:59Z INFO Terminal] WRITE: [press Enter for _work] 
[2024-12-15 20:58:59Z INFO Terminal] READ LINE
[2024-12-15 20:59:31Z INFO Terminal] Read value: 'client_data_project'
[2024-12-15 20:59:31Z INFO ConfigurationStore] Saving runner settings.
[2024-12-15 20:59:31Z INFO ConfigurationStore] Settings Saved.
[2024-12-15 20:59:31Z INFO Terminal] WRITE LINE: 
[2024-12-15 20:59:31Z INFO Terminal] WRITE LINE: 
[2024-12-15 20:59:31Z INFO CommandSettings] Flag 'runasservice': 'False'
[2024-12-15 20:59:31Z INFO CommandSettings] Flag 'unattended': 'False'
[2024-12-15 20:59:31Z INFO PromptManager] ReadValue
[2024-12-15 20:59:31Z INFO Terminal] WRITE: Would you like to run the runner as service? (Y/N) 
[2024-12-15 20:59:31Z INFO Terminal] WRITE: [press Enter for N] 
[2024-12-15 20:59:31Z INFO Terminal] READ LINE
[2024-12-15 20:59:57Z INFO Terminal] Read value: 'Y'
[2024-12-15 20:59:57Z INFO ConfigurationManager] Configuring to run the agent as service
[2024-12-15 20:59:57Z INFO CommandSettings] Arg 'windowslogonaccount': ''
[2024-12-15 20:59:57Z INFO CommandSettings] Flag 'unattended': 'False'
[2024-12-15 20:59:57Z INFO PromptManager] ReadValue
[2024-12-15 20:59:57Z INFO Terminal] WRITE: User account to use for the service 
[2024-12-15 20:59:57Z INFO Terminal] WRITE: [press Enter for NT AUTHORITY\NETWORK SERVICE] 
[2024-12-15 20:59:57Z INFO Terminal] READ LINE
[2024-12-15 21:00:16Z INFO Terminal] Read value: ''
[2024-12-15 21:00:16Z INFO PromptManager] Falling back to the default: 'NT AUTHORITY\NETWORK SERVICE'
[2024-12-15 21:00:16Z INFO WindowsServiceControlManager] LogonAccount after transforming: NT AUTHORITY\NETWORK SERVICE, user: NETWORK SERVICE, domain: NT AUTHORITY
[2024-12-15 21:00:16Z INFO WindowsServiceControlManager] Service name 'actions.runner.NeverNeverDead-Client-Data-Project.Olegus' display name 'GitHub Actions Runner (NeverNeverDead-Client-Data-Project.Olegus)' will be used for service configuration.
[2024-12-15 21:00:16Z INFO WindowsServiceControlManager] Verifying if the account has LogonAsService permission
[2024-12-15 21:00:16Z INFO WindowsServiceControlManager] Account: NT AUTHORITY\NETWORK SERVICE already has Logon As Service Privilege.
[2024-12-15 21:00:16Z INFO WindowsServiceControlManager] Create local group and grant folder permission to service logon account.
[2024-12-15 21:00:16Z INFO HostContext] Well known directory 'Bin': 'C:\Users\user\Desktop\client_data_project\actions-runner\bin'
[2024-12-15 21:00:16Z INFO HostContext] Well known directory 'Root': 'C:\Users\user\Desktop\client_data_project\actions-runner'
[2024-12-15 21:00:16Z INFO ConfigurationStore] Read setting file: 330 chars
[2024-12-15 21:00:16Z INFO HostContext] Well known directory 'Bin': 'C:\Users\user\Desktop\client_data_project\actions-runner\bin'
[2024-12-15 21:00:16Z INFO HostContext] Well known directory 'Root': 'C:\Users\user\Desktop\client_data_project\actions-runner'
[2024-12-15 21:00:16Z INFO HostContext] Well known directory 'Work': 'C:\Users\user\Desktop\client_data_project\actions-runner\client_data_project'
[2024-12-15 21:00:16Z INFO HostContext] Well known directory 'Bin': 'C:\Users\user\Desktop\client_data_project\actions-runner\bin'
[2024-12-15 21:00:16Z INFO NativeWindowsServiceHelper] Calculated unique group name GITHUB_ActionsRunner_Gab23d
[2024-12-15 21:00:16Z INFO NativeWindowsServiceHelper] Trying to create group GITHUB_ActionsRunner_Gab23d
[2024-12-15 21:00:16Z INFO NativeWindowsServiceHelper] Group GITHUB_ActionsRunner_Gab23d already exists
[2024-12-15 21:00:16Z INFO NativeWindowsServiceHelper] Trying to add userName NT AUTHORITY\NETWORK SERVICE to the group GITHUB_ActionsRunner_Gab23d
[2024-12-15 21:00:16Z INFO NativeWindowsServiceHelper] Account NT AUTHORITY\NETWORK SERVICE is already member of group GITHUB_ActionsRunner_Gab23d
[2024-12-15 21:00:16Z INFO NativeWindowsServiceHelper] Set full access control to group for the folder C:\Users\user\Desktop\client_data_project\actions-runner
[2024-12-15 21:00:16Z INFO NativeWindowsServiceHelper] Set full access control to group for the folder C:\Users\user\Desktop\client_data_project\actions-runner\client_data_project
[2024-12-15 21:00:16Z INFO NativeWindowsServiceHelper] Local group 'GITHUB_ActionsRunner_Gab23d' already has full control to path 'C:\Users\user\Desktop\client_data_project\actions-runner\client_data_project'.
[2024-12-15 21:00:16Z INFO Terminal] WRITE LINE: Granting file permissions to 'NT AUTHORITY\NETWORK SERVICE'.
[2024-12-15 21:00:16Z INFO HostContext] Well known directory 'Bin': 'C:\Users\user\Desktop\client_data_project\actions-runner\bin'
[2024-12-15 21:00:16Z INFO ProcessInvokerWrapper] Starting process:
[2024-12-15 21:00:16Z INFO ProcessInvokerWrapper]   File name: '"C:\Users\user\Desktop\client_data_project\actions-runner\bin\RunnerService.exe"'
[2024-12-15 21:00:16Z INFO ProcessInvokerWrapper]   Arguments: 'init'
[2024-12-15 21:00:16Z INFO ProcessInvokerWrapper]   Working directory: ''
[2024-12-15 21:00:16Z INFO ProcessInvokerWrapper]   Require exit code zero: 'True'
[2024-12-15 21:00:16Z INFO ProcessInvokerWrapper]   Encoding web name:  ; code page: ''
[2024-12-15 21:00:16Z INFO ProcessInvokerWrapper]   Force kill process on cancellation: 'False'
[2024-12-15 21:00:16Z INFO ProcessInvokerWrapper]   Redirected STDIN: 'False'
[2024-12-15 21:00:16Z INFO ProcessInvokerWrapper]   Persist current code page: 'False'
[2024-12-15 21:00:16Z INFO ProcessInvokerWrapper]   Keep redirected STDIN open: 'False'
[2024-12-15 21:00:16Z INFO ProcessInvokerWrapper]   High priority process: 'False'
[2024-12-15 21:00:16Z INFO ProcessInvokerWrapper] Process started with process id 8716, waiting for process exit.
[2024-12-15 21:00:16Z INFO ProcessInvokerWrapper] STDOUT/STDERR stream read finished.
[2024-12-15 21:00:16Z INFO ProcessInvokerWrapper] STDOUT/STDERR stream read finished.
[2024-12-15 21:00:16Z INFO ProcessInvokerWrapper] Finished process 8716 with exit code 0, and elapsed time 00:00:00.2085154.
[2024-12-15 21:00:16Z INFO Terminal] WRITE LINE: Service actions.runner.NeverNeverDead-Client-Data-Project.Olegus successfully installed
[2024-12-15 21:00:16Z INFO Terminal] WRITE LINE: Service actions.runner.NeverNeverDead-Client-Data-Project.Olegus successfully set recovery option
[2024-12-15 21:00:16Z INFO Terminal] WRITE LINE: Service actions.runner.NeverNeverDead-Client-Data-Project.Olegus successfully set to delayed auto start
[2024-12-15 21:00:16Z INFO Terminal] WRITE LINE: Service actions.runner.NeverNeverDead-Client-Data-Project.Olegus successfully configured
[2024-12-15 21:00:16Z INFO HostContext] Well known directory 'Bin': 'C:\Users\user\Desktop\client_data_project\actions-runner\bin'
[2024-12-15 21:00:16Z INFO HostContext] Well known directory 'Root': 'C:\Users\user\Desktop\client_data_project\actions-runner'
[2024-12-15 21:00:16Z INFO HostContext] Well known config file 'Service': 'C:\Users\user\Desktop\client_data_project\actions-runner\.service'
[2024-12-15 21:00:16Z INFO WindowsServiceControlManager] Configuration was successful, trying to start the service
[2024-12-15 21:00:16Z INFO Terminal] WRITE LINE: Waiting for service to start...
[2024-12-15 21:00:16Z INFO Terminal] WRITE LINE: Service actions.runner.NeverNeverDead-Client-Data-Project.Olegus started successfully
[2024-12-15 21:00:16Z INFO Listener] Runner execution has finished with return code 0
