[2024-12-15 20:42:17Z INFO HostContext] No proxy settings were found based on environmental variables (http_proxy/https_proxy/HTTP_PROXY/HTTPS_PROXY)
[2024-12-15 20:42:17Z INFO HostContext] Well known directory 'Bin': 'C:\Users\user\Desktop\client_data_project\actions-runner\bin'
[2024-12-15 20:42:17Z INFO HostContext] Well known directory 'Root': 'C:\Users\user\Desktop\client_data_project\actions-runner'
[2024-12-15 20:42:17Z INFO HostContext] Well known config file 'Credentials': 'C:\Users\user\Desktop\client_data_project\actions-runner\.credentials'
[2024-12-15 20:42:17Z INFO HostContext] Well known directory 'Bin': 'C:\Users\user\Desktop\client_data_project\actions-runner\bin'
[2024-12-15 20:42:17Z INFO HostContext] Well known directory 'Root': 'C:\Users\user\Desktop\client_data_project\actions-runner'
[2024-12-15 20:42:17Z INFO HostContext] Well known config file 'Runner': 'C:\Users\user\Desktop\client_data_project\actions-runner\.runner'
[2024-12-15 20:42:17Z INFO Listener] Runner is built for Windows (X64) - win-x64.
[2024-12-15 20:42:17Z INFO Listener] RuntimeInformation: Microsoft Windows 10.0.26100.
[2024-12-15 20:42:17Z INFO Listener] Version: 2.321.0
[2024-12-15 20:42:17Z INFO Listener] Commit: e249007931b7c8e857797fa259c167f0bd4f997a
[2024-12-15 20:42:17Z INFO Listener] Culture: ru-RU
[2024-12-15 20:42:17Z INFO Listener] UI Culture: ru-RU
[2024-12-15 20:42:17Z INFO HostContext] Well known directory 'Bin': 'C:\Users\user\Desktop\client_data_project\actions-runner\bin'
[2024-12-15 20:42:17Z INFO HostContext] Well known directory 'Root': 'C:\Users\user\Desktop\client_data_project\actions-runner'
[2024-12-15 20:42:17Z INFO Listener] Validating directory permissions for: 'C:\Users\user\Desktop\client_data_project\actions-runner'
[2024-12-15 20:42:17Z ERR  Terminal] WRITE ERROR: An error occurred: Permission to read the directory contents is required for 'C:\Users\user\Desktop\client_data_project\actions-runner' and each directory up the hierarchy. Access to the path 'C:\Users\user\Desktop\client_data_project' is denied.
[2024-12-15 20:42:17Z ERR  Listener] System.UnauthorizedAccessException: Permission to read the directory contents is required for 'C:\Users\user\Desktop\client_data_project\actions-runner' and each directory up the hierarchy. Access to the path 'C:\Users\user\Desktop\client_data_project' is denied.
 ---> System.UnauthorizedAccessException: Access to the path 'C:\Users\user\Desktop\client_data_project' is denied.
   at System.IO.Enumeration.FileSystemEnumerator`1.CreateDirectoryHandle(String path, Boolean ignoreNotFound)
   at System.IO.Enumeration.FileSystemEnumerator`1.Init()
   at System.IO.Enumeration.FileSystemEnumerable`1..ctor(String directory, FindTransform transform, EnumerationOptions options, Boolean isNormalized)
   at System.IO.Enumeration.FileSystemEnumerableFactory.UserEntries(String directory, String expression, EnumerationOptions options)
   at System.IO.Directory.InternalEnumeratePaths(String path, String searchPattern, SearchTarget searchTarget, EnumerationOptions options)
   at GitHub.Runner.Sdk.IOUtil.ValidateExecutePermission(String directory)
   --- End of inner exception stack trace ---
   at GitHub.Runner.Sdk.IOUtil.ValidateExecutePermission(String directory)
   at GitHub.Runner.Listener.Program.MainAsync(IHostContext context, String[] args)
[2024-12-15 20:42:17Z ERR  Listener] #####################################################
[2024-12-15 20:42:17Z ERR  Listener] System.UnauthorizedAccessException: Access to the path 'C:\Users\user\Desktop\client_data_project' is denied.
   at System.IO.Enumeration.FileSystemEnumerator`1.CreateDirectoryHandle(String path, Boolean ignoreNotFound)
   at System.IO.Enumeration.FileSystemEnumerator`1.Init()
   at System.IO.Enumeration.FileSystemEnumerable`1..ctor(String directory, FindTransform transform, EnumerationOptions options, Boolean isNormalized)
   at System.IO.Enumeration.FileSystemEnumerableFactory.UserEntries(String directory, String expression, EnumerationOptions options)
   at System.IO.Directory.InternalEnumeratePaths(String path, String searchPattern, SearchTarget searchTarget, EnumerationOptions options)
   at GitHub.Runner.Sdk.IOUtil.ValidateExecutePermission(String directory)
